<?xml version="1.0" encoding="UTF-8"?>
<testsuite xmlns:xsi="http://www.w3.org/2001/XMLSchema-instance" xsi:noNamespaceSchemaLocation="https://maven.apache.org/surefire/maven-surefire-plugin/xsd/surefire-test-report-3.0.xsd" version="3.0" name="TestSuite" time="11.117" tests="153" errors="0" skipped="151" failures="2">
  <properties>
[...]
</properties>
  <testcase name="testAppliancesLink" classname="homepagetest.HomePageTest" time="4.552">
    <failure message="no such window: target window already closed&#10;from unknown error: web view not found&#10;  (Session info: chrome=89.0.4389.114)&#10;Build info: version: &apos;3.141.59&apos;, revision: &apos;e82be7d358&apos;, time: &apos;2018-11-14T08:17:03&apos;&#10;System info: host: &apos;DESKTOP-BQP1HFR&apos;, ip: &apos;192.168.190.1&apos;, os.name: &apos;Windows 10&apos;, os.arch: &apos;amd64&apos;, os.version: &apos;10.0&apos;, java.version: &apos;11.0.9&apos;&#10;Driver info: org.openqa.selenium.chrome.ChromeDriver&#10;Capabilities {acceptInsecureCerts: false, browserName: chrome, browserVersion: 89.0.4389.114, chrome: {chromedriverVersion: 89.0.4389.23 (61b08ee2c5002..., userDataDir: C:\Users\farha\AppData\Loca...}, goog:chromeOptions: {debuggerAddress: localhost:65400}, javascriptEnabled: true, networkConnectionEnabled: false, pageLoadStrategy: normal, platform: WINDOWS, platformName: WINDOWS, proxy: Proxy(), setWindowRect: true, strictFileInteractability: false, timeouts: {implicit: 0, pageLoad: 300000, script: 30000}, unhandledPromptBehavior: dismiss and notify, webauthn:extension:largeBlob: true, webauthn:virtualAuthenticators: true}&#10;Session ID: f732f5b3b265705af1bf73a4e9fbfb03&#10;*** Element info: {Using=xpath, value=//*[@id=&quot;nav-xshop&quot;]/a[1]}" type="org.openqa.selenium.NoSuchWindowException"><![CDATA[org.openqa.selenium.NoSuchWindowException: 
no such window: target window already closed
from unknown error: web view not found
  (Session info: chrome=89.0.4389.114)
Build info: version: '3.141.59', revision: 'e82be7d358', time: '2018-11-14T08:17:03'
System info: host: 'DESKTOP-BQP1HFR', ip: '192.168.190.1', os.name: 'Windows 10', os.arch: 'amd64', os.version: '10.0', java.version: '11.0.9'
Driver info: org.openqa.selenium.chrome.ChromeDriver
Capabilities {acceptInsecureCerts: false, browserName: chrome, browserVersion: 89.0.4389.114, chrome: {chromedriverVersion: 89.0.4389.23 (61b08ee2c5002..., userDataDir: C:\Users\farha\AppData\Loca...}, goog:chromeOptions: {debuggerAddress: localhost:65400}, javascriptEnabled: true, networkConnectionEnabled: false, pageLoadStrategy: normal, platform: WINDOWS, platformName: WINDOWS, proxy: Proxy(), setWindowRect: true, strictFileInteractability: false, timeouts: {implicit: 0, pageLoad: 300000, script: 30000}, unhandledPromptBehavior: dismiss and notify, webauthn:extension:largeBlob: true, webauthn:virtualAuthenticators: true}
Session ID: f732f5b3b265705af1bf73a4e9fbfb03
*** Element info: {Using=xpath, value=//*[@id="nav-xshop"]/a[1]}
	at homepagetest.HomePageTest.testAppliancesLink(HomePageTest.java:93)
]]></failure>
    <system-out><![CDATA[[TestNGContentHandler] [WARN] It is strongly recommended to add "<!DOCTYPE suite SYSTEM "https://testng.org/testng-1.0.dtd" >" at the top of your file, otherwise TestNG may fail or not work as expected.
Extent Report DirectoryC:\Users\farha\IdeaProjects\WebAutomationFrameworkTDD_Team1\Amazon\target\surefire-reports\html
]]></system-out>
    <system-err><![CDATA[Starting ChromeDriver 89.0.4389.23 (61b08ee2c50024bab004e48d2b1b083cdbdac579-refs/branch-heads/4389@{#294}) on port 44999
Only local connections are allowed.
Please see https://chromedriver.chromium.org/security-considerations for suggestions on keeping ChromeDriver safe.
ChromeDriver was started successfully.
Apr 08, 2021 12:56:24 AM org.openqa.selenium.remote.ProtocolHandshake createSession
INFO: Detected dialect: W3C
]]></system-err>
  </testcase>
  <testcase name="afterEachTestMethod[[TestResult name=testAppliancesLink status=FAILURE method=HomePageTest.testAppliancesLink()[pri:0, instance:homepagetest.HomePageTest@741a8937] output={null}]](0)" classname="homepagetest.HomePageTest" time="5.014">
    <failure message="no such window: target window already closed&#10;from unknown error: web view not found&#10;  (Session info: chrome=89.0.4389.114)&#10;Build info: version: &apos;3.141.59&apos;, revision: &apos;e82be7d358&apos;, time: &apos;2018-11-14T08:17:03&apos;&#10;System info: host: &apos;DESKTOP-BQP1HFR&apos;, ip: &apos;192.168.190.1&apos;, os.name: &apos;Windows 10&apos;, os.arch: &apos;amd64&apos;, os.version: &apos;10.0&apos;, java.version: &apos;11.0.9&apos;&#10;Driver info: org.openqa.selenium.chrome.ChromeDriver&#10;Capabilities {acceptInsecureCerts: false, browserName: chrome, browserVersion: 89.0.4389.114, chrome: {chromedriverVersion: 89.0.4389.23 (61b08ee2c5002..., userDataDir: C:\Users\farha\AppData\Loca...}, goog:chromeOptions: {debuggerAddress: localhost:65400}, javascriptEnabled: true, networkConnectionEnabled: false, pageLoadStrategy: normal, platform: WINDOWS, platformName: WINDOWS, proxy: Proxy(), setWindowRect: true, strictFileInteractability: false, timeouts: {implicit: 0, pageLoad: 300000, script: 30000}, unhandledPromptBehavior: dismiss and notify, webauthn:extension:largeBlob: true, webauthn:virtualAuthenticators: true}&#10;Session ID: f732f5b3b265705af1bf73a4e9fbfb03" type="org.openqa.selenium.NoSuchWindowException"><![CDATA[org.openqa.selenium.NoSuchWindowException: 
no such window: target window already closed
from unknown error: web view not found
  (Session info: chrome=89.0.4389.114)
Build info: version: '3.141.59', revision: 'e82be7d358', time: '2018-11-14T08:17:03'
System info: host: 'DESKTOP-BQP1HFR', ip: '192.168.190.1', os.name: 'Windows 10', os.arch: 'amd64', os.version: '10.0', java.version: '11.0.9'
Driver info: org.openqa.selenium.chrome.ChromeDriver
Capabilities {acceptInsecureCerts: false, browserName: chrome, browserVersion: 89.0.4389.114, chrome: {chromedriverVersion: 89.0.4389.23 (61b08ee2c5002..., userDataDir: C:\Users\farha\AppData\Loca...}, goog:chromeOptions: {debuggerAddress: localhost:65400}, javascriptEnabled: true, networkConnectionEnabled: false, pageLoadStrategy: normal, platform: WINDOWS, platformName: WINDOWS, proxy: Proxy(), setWindowRect: true, strictFileInteractability: false, timeouts: {implicit: 0, pageLoad: 300000, script: 30000}, unhandledPromptBehavior: dismiss and notify, webauthn:extension:largeBlob: true, webauthn:virtualAuthenticators: true}
Session ID: f732f5b3b265705af1bf73a4e9fbfb03
]]></failure>
  </testcase>
  <testcase name="setUp" classname="homepagetest.HomePageTest" time="0">
    <skipped/>
  </testcase>
  <testcase name="setUp" classname="homepagetest.HomePageTest" time="0">
    <skipped/>
  </testcase>
  <testcase name="setUp" classname="homepagetest.HomePageTest" time="0">
    <skipped/>
  </testcase>
  <testcase name="setUp" classname="homepagetest.HomePageTest" time="0">
    <skipped/>
  </testcase>
  <testcase name="setUp" classname="homepagetest.HomePageTest" time="0">
    <skipped/>
  </testcase>
  <testcase name="setUp" classname="homepagetest.HomePageTest" time="0">
    <skipped/>
  </testcase>
  <testcase name="setUp" classname="homepagetest.HomePageTest" time="0">
    <skipped/>
  </testcase>
  <testcase name="setUp" classname="homepagetest.HomePageTest" time="0">
    <skipped/>
  </testcase>
  <testcase name="setUp" classname="homepagetest.HomePageTest" time="0">
    <skipped/>
  </testcase>
  <testcase name="setUp" classname="homepagetest.HomePageTest" time="0">
    <skipped/>
  </testcase>
  <testcase name="setUp" classname="homepagetest.HomePageTest" time="0">
    <skipped/>
  </testcase>
  <testcase name="setUp" classname="homepagetest.HomePageTest" time="0">
    <skipped/>
  </testcase>
  <testcase name="setUp" classname="homepagetest.HomePageTest" time="0">
    <skipped/>
  </testcase>
  <testcase name="setUp" classname="homepagetest.HomePageTest" time="0">
    <skipped/>
  </testcase>
  <testcase name="setUp" classname="homepagetest.HomePageTest" time="0">
    <skipped/>
  </testcase>
  <testcase name="setUp" classname="homepagetest.HomePageTest" time="0">
    <skipped/>
  </testcase>
  <testcase name="setUp" classname="homepagetest.HomePageTest" time="0">
    <skipped/>
  </testcase>
  <testcase name="setUp" classname="homepagetest.HomePageTest" time="0">
    <skipped/>
  </testcase>
  <testcase name="setUp" classname="homepagetest.HomePageTest" time="0">
    <skipped/>
  </testcase>
  <testcase name="setUp" classname="homepagetest.HomePageTest" time="0">
    <skipped/>
  </testcase>
  <testcase name="setUp" classname="homepagetest.HomePageTest" time="0">
    <skipped/>
  </testcase>
  <testcase name="setUp" classname="homepagetest.HomePageTest" time="0">
    <skipped/>
  </testcase>
  <testcase name="setUp" classname="homepagetest.HomePageTest" time="0">
    <skipped/>
  </testcase>
  <testcase name="setUp" classname="homepagetest.HomePageTest" time="0">
    <skipped/>
  </testcase>
  <testcase name="setUp" classname="homepagetest.HomePageTest" time="0">
    <skipped/>
  </testcase>
  <testcase name="setUp" classname="homepagetest.HomePageTest" time="0">
    <skipped/>
  </testcase>
  <testcase name="setUp" classname="homepagetest.HomePageTest" time="0">
    <skipped/>
  </testcase>
  <testcase name="setUp" classname="homepagetest.HomePageTest" time="0">
    <skipped/>
  </testcase>
  <testcase name="setUp" classname="homepagetest.HomePageTest" time="0">
    <skipped/>
  </testcase>
  <testcase name="setUp" classname="homepagetest.HomePageTest" time="0">
    <skipped/>
  </testcase>
  <testcase name="startExtent" classname="homepagetest.HomePageTest" time="0">
    <skipped/>
  </testcase>
  <testcase name="startExtent" classname="homepagetest.HomePageTest" time="0">
    <skipped/>
  </testcase>
  <testcase name="startExtent" classname="homepagetest.HomePageTest" time="0">
    <skipped/>
  </testcase>
  <testcase name="startExtent" classname="homepagetest.HomePageTest" time="0">
    <skipped/>
  </testcase>
  <testcase name="startExtent" classname="homepagetest.HomePageTest" time="0">
    <skipped/>
  </testcase>
  <testcase name="startExtent" classname="homepagetest.HomePageTest" time="0">
    <skipped/>
  </testcase>
  <testcase name="startExtent" classname="homepagetest.HomePageTest" time="0">
    <skipped/>
  </testcase>
  <testcase name="startExtent" classname="homepagetest.HomePageTest" time="0">
    <skipped/>
  </testcase>
  <testcase name="startExtent" classname="homepagetest.HomePageTest" time="0">
    <skipped/>
  </testcase>
  <testcase name="startExtent" classname="homepagetest.HomePageTest" time="0">
    <skipped/>
  </testcase>
  <testcase name="startExtent" classname="homepagetest.HomePageTest" time="0">
    <skipped/>
  </testcase>
  <testcase name="startExtent" classname="homepagetest.HomePageTest" time="0">
    <skipped/>
  </testcase>
  <testcase name="startExtent" classname="homepagetest.HomePageTest" time="0">
    <skipped/>
  </testcase>
  <testcase name="startExtent" classname="homepagetest.HomePageTest" time="0">
    <skipped/>
  </testcase>
  <testcase name="startExtent" classname="homepagetest.HomePageTest" time="0">
    <skipped/>
  </testcase>
  <testcase name="startExtent" classname="homepagetest.HomePageTest" time="0">
    <skipped/>
  </testcase>
  <testcase name="startExtent" classname="homepagetest.HomePageTest" time="0">
    <skipped/>
  </testcase>
  <testcase name="startExtent" classname="homepagetest.HomePageTest" time="0">
    <skipped/>
  </testcase>
  <testcase name="startExtent" classname="homepagetest.HomePageTest" time="0">
    <skipped/>
  </testcase>
  <testcase name="startExtent" classname="homepagetest.HomePageTest" time="0">
    <skipped/>
  </testcase>
  <testcase name="startExtent" classname="homepagetest.HomePageTest" time="0">
    <skipped/>
  </testcase>
  <testcase name="startExtent" classname="homepagetest.HomePageTest" time="0">
    <skipped/>
  </testcase>
  <testcase name="startExtent" classname="homepagetest.HomePageTest" time="0">
    <skipped/>
  </testcase>
  <testcase name="startExtent" classname="homepagetest.HomePageTest" time="0">
    <skipped/>
  </testcase>
  <testcase name="startExtent" classname="homepagetest.HomePageTest" time="0">
    <skipped/>
  </testcase>
  <testcase name="startExtent" classname="homepagetest.HomePageTest" time="0">
    <skipped/>
  </testcase>
  <testcase name="startExtent" classname="homepagetest.HomePageTest" time="0">
    <skipped/>
  </testcase>
  <testcase name="startExtent" classname="homepagetest.HomePageTest" time="0">
    <skipped/>
  </testcase>
  <testcase name="startExtent" classname="homepagetest.HomePageTest" time="0">
    <skipped/>
  </testcase>
  <testcase name="startExtent" classname="homepagetest.HomePageTest" time="0">
    <skipped/>
  </testcase>
  <testcase name="getInit" classname="homepagetest.HomePageTest" time="0">
    <skipped/>
  </testcase>
  <testcase name="getInit" classname="homepagetest.HomePageTest" time="0">
    <skipped/>
  </testcase>
  <testcase name="getInit" classname="homepagetest.HomePageTest" time="0">
    <skipped/>
  </testcase>
  <testcase name="getInit" classname="homepagetest.HomePageTest" time="0">
    <skipped/>
  </testcase>
  <testcase name="getInit" classname="homepagetest.HomePageTest" time="0">
    <skipped/>
  </testcase>
  <testcase name="getInit" classname="homepagetest.HomePageTest" time="0">
    <skipped/>
  </testcase>
  <testcase name="getInit" classname="homepagetest.HomePageTest" time="0">
    <skipped/>
  </testcase>
  <testcase name="getInit" classname="homepagetest.HomePageTest" time="0">
    <skipped/>
  </testcase>
  <testcase name="getInit" classname="homepagetest.HomePageTest" time="0">
    <skipped/>
  </testcase>
  <testcase name="getInit" classname="homepagetest.HomePageTest" time="0">
    <skipped/>
  </testcase>
  <testcase name="getInit" classname="homepagetest.HomePageTest" time="0">
    <skipped/>
  </testcase>
  <testcase name="getInit" classname="homepagetest.HomePageTest" time="0">
    <skipped/>
  </testcase>
  <testcase name="getInit" classname="homepagetest.HomePageTest" time="0">
    <skipped/>
  </testcase>
  <testcase name="getInit" classname="homepagetest.HomePageTest" time="0">
    <skipped/>
  </testcase>
  <testcase name="getInit" classname="homepagetest.HomePageTest" time="0">
    <skipped/>
  </testcase>
  <testcase name="getInit" classname="homepagetest.HomePageTest" time="0">
    <skipped/>
  </testcase>
  <testcase name="getInit" classname="homepagetest.HomePageTest" time="0">
    <skipped/>
  </testcase>
  <testcase name="getInit" classname="homepagetest.HomePageTest" time="0">
    <skipped/>
  </testcase>
  <testcase name="getInit" classname="homepagetest.HomePageTest" time="0">
    <skipped/>
  </testcase>
  <testcase name="getInit" classname="homepagetest.HomePageTest" time="0">
    <skipped/>
  </testcase>
  <testcase name="getInit" classname="homepagetest.HomePageTest" time="0">
    <skipped/>
  </testcase>
  <testcase name="getInit" classname="homepagetest.HomePageTest" time="0">
    <skipped/>
  </testcase>
  <testcase name="getInit" classname="homepagetest.HomePageTest" time="0">
    <skipped/>
  </testcase>
  <testcase name="getInit" classname="homepagetest.HomePageTest" time="0">
    <skipped/>
  </testcase>
  <testcase name="getInit" classname="homepagetest.HomePageTest" time="0">
    <skipped/>
  </testcase>
  <testcase name="getInit" classname="homepagetest.HomePageTest" time="0">
    <skipped/>
  </testcase>
  <testcase name="getInit" classname="homepagetest.HomePageTest" time="0">
    <skipped/>
  </testcase>
  <testcase name="getInit" classname="homepagetest.HomePageTest" time="0">
    <skipped/>
  </testcase>
  <testcase name="getInit" classname="homepagetest.HomePageTest" time="0">
    <skipped/>
  </testcase>
  <testcase name="getInit" classname="homepagetest.HomePageTest" time="0">
    <skipped/>
  </testcase>
  <testcase name="testAutomotiveLink" classname="homepagetest.HomePageTest" time="0">
    <skipped message="no such window: target window already closed&#10;from unknown error: web view not found&#10;  (Session info: chrome=89.0.4389.114)&#10;Build info: version: &apos;3.141.59&apos;, revision: &apos;e82be7d358&apos;, time: &apos;2018-11-14T08:17:03&apos;&#10;System info: host: &apos;DESKTOP-BQP1HFR&apos;, ip: &apos;192.168.190.1&apos;, os.name: &apos;Windows 10&apos;, os.arch: &apos;amd64&apos;, os.version: &apos;10.0&apos;, java.version: &apos;11.0.9&apos;&#10;Driver info: org.openqa.selenium.chrome.ChromeDriver&#10;Capabilities {acceptInsecureCerts: false, browserName: chrome, browserVersion: 89.0.4389.114, chrome: {chromedriverVersion: 89.0.4389.23 (61b08ee2c5002..., userDataDir: C:\Users\farha\AppData\Loca...}, goog:chromeOptions: {debuggerAddress: localhost:65400}, javascriptEnabled: true, networkConnectionEnabled: false, pageLoadStrategy: normal, platform: WINDOWS, platformName: WINDOWS, proxy: Proxy(), setWindowRect: true, strictFileInteractability: false, timeouts: {implicit: 0, pageLoad: 300000, script: 30000}, unhandledPromptBehavior: dismiss and notify, webauthn:extension:largeBlob: true, webauthn:virtualAuthenticators: true}&#10;Session ID: f732f5b3b265705af1bf73a4e9fbfb03"/>
  </testcase>
  <testcase name="afterEachTestMethod" classname="homepagetest.HomePageTest" time="0">
    <skipped/>
  </testcase>
  <testcase name="afterEachTestMethod" classname="homepagetest.HomePageTest" time="0">
    <skipped/>
  </testcase>
  <testcase name="afterEachTestMethod" classname="homepagetest.HomePageTest" time="0">
    <skipped/>
  </testcase>
  <testcase name="afterEachTestMethod" classname="homepagetest.HomePageTest" time="0">
    <skipped/>
  </testcase>
  <testcase name="afterEachTestMethod" classname="homepagetest.HomePageTest" time="0">
    <skipped/>
  </testcase>
  <testcase name="afterEachTestMethod" classname="homepagetest.HomePageTest" time="0">
    <skipped/>
  </testcase>
  <testcase name="afterEachTestMethod" classname="homepagetest.HomePageTest" time="0">
    <skipped/>
  </testcase>
  <testcase name="afterEachTestMethod" classname="homepagetest.HomePageTest" time="0">
    <skipped/>
  </testcase>
  <testcase name="afterEachTestMethod" classname="homepagetest.HomePageTest" time="0">
    <skipped/>
  </testcase>
  <testcase name="afterEachTestMethod" classname="homepagetest.HomePageTest" time="0">
    <skipped/>
  </testcase>
  <testcase name="afterEachTestMethod" classname="homepagetest.HomePageTest" time="0">
    <skipped/>
  </testcase>
  <testcase name="afterEachTestMethod" classname="homepagetest.HomePageTest" time="0">
    <skipped/>
  </testcase>
  <testcase name="afterEachTestMethod" classname="homepagetest.HomePageTest" time="0">
    <skipped/>
  </testcase>
  <testcase name="afterEachTestMethod" classname="homepagetest.HomePageTest" time="0">
    <skipped/>
  </testcase>
  <testcase name="afterEachTestMethod" classname="homepagetest.HomePageTest" time="0">
    <skipped/>
  </testcase>
  <testcase name="afterEachTestMethod" classname="homepagetest.HomePageTest" time="0">
    <skipped/>
  </testcase>
  <testcase name="afterEachTestMethod" classname="homepagetest.HomePageTest" time="0">
    <skipped/>
  </testcase>
  <testcase name="afterEachTestMethod" classname="homepagetest.HomePageTest" time="0">
    <skipped/>
  </testcase>
  <testcase name="afterEachTestMethod" classname="homepagetest.HomePageTest" time="0">
    <skipped/>
  </testcase>
  <testcase name="afterEachTestMethod" classname="homepagetest.HomePageTest" time="0">
    <skipped/>
  </testcase>
  <testcase name="afterEachTestMethod" classname="homepagetest.HomePageTest" time="0">
    <skipped/>
  </testcase>
  <testcase name="afterEachTestMethod" classname="homepagetest.HomePageTest" time="0">
    <skipped/>
  </testcase>
  <testcase name="afterEachTestMethod" classname="homepagetest.HomePageTest" time="0">
    <skipped/>
  </testcase>
  <testcase name="afterEachTestMethod" classname="homepagetest.HomePageTest" time="0">
    <skipped/>
  </testcase>
  <testcase name="afterEachTestMethod" classname="homepagetest.HomePageTest" time="0">
    <skipped/>
  </testcase>
  <testcase name="afterEachTestMethod" classname="homepagetest.HomePageTest" time="0">
    <skipped/>
  </testcase>
  <testcase name="afterEachTestMethod" classname="homepagetest.HomePageTest" time="0">
    <skipped/>
  </testcase>
  <testcase name="afterEachTestMethod" classname="homepagetest.HomePageTest" time="0">
    <skipped/>
  </testcase>
  <testcase name="afterEachTestMethod" classname="homepagetest.HomePageTest" time="0">
    <skipped/>
  </testcase>
  <testcase name="afterEachTestMethod" classname="homepagetest.HomePageTest" time="0">
    <skipped/>
  </testcase>
  <testcase name="testAutomotiveLinks" classname="homepagetest.HomePageTest" time="0">
    <skipped message="no such window: target window already closed&#10;from unknown error: web view not found&#10;  (Session info: chrome=89.0.4389.114)&#10;Build info: version: &apos;3.141.59&apos;, revision: &apos;e82be7d358&apos;, time: &apos;2018-11-14T08:17:03&apos;&#10;System info: host: &apos;DESKTOP-BQP1HFR&apos;, ip: &apos;192.168.190.1&apos;, os.name: &apos;Windows 10&apos;, os.arch: &apos;amd64&apos;, os.version: &apos;10.0&apos;, java.version: &apos;11.0.9&apos;&#10;Driver info: org.openqa.selenium.chrome.ChromeDriver&#10;Capabilities {acceptInsecureCerts: false, browserName: chrome, browserVersion: 89.0.4389.114, chrome: {chromedriverVersion: 89.0.4389.23 (61b08ee2c5002..., userDataDir: C:\Users\farha\AppData\Loca...}, goog:chromeOptions: {debuggerAddress: localhost:65400}, javascriptEnabled: true, networkConnectionEnabled: false, pageLoadStrategy: normal, platform: WINDOWS, platformName: WINDOWS, proxy: Proxy(), setWindowRect: true, strictFileInteractability: false, timeouts: {implicit: 0, pageLoad: 300000, script: 30000}, unhandledPromptBehavior: dismiss and notify, webauthn:extension:largeBlob: true, webauthn:virtualAuthenticators: true}&#10;Session ID: f732f5b3b265705af1bf73a4e9fbfb03"/>
  </testcase>
  <testcase name="testAutomotivePartsLink" classname="homepagetest.HomePageTest" time="0">
    <skipped message="no such window: target window already closed&#10;from unknown error: web view not found&#10;  (Session info: chrome=89.0.4389.114)&#10;Build info: version: &apos;3.141.59&apos;, revision: &apos;e82be7d358&apos;, time: &apos;2018-11-14T08:17:03&apos;&#10;System info: host: &apos;DESKTOP-BQP1HFR&apos;, ip: &apos;192.168.190.1&apos;, os.name: &apos;Windows 10&apos;, os.arch: &apos;amd64&apos;, os.version: &apos;10.0&apos;, java.version: &apos;11.0.9&apos;&#10;Driver info: org.openqa.selenium.chrome.ChromeDriver&#10;Capabilities {acceptInsecureCerts: false, browserName: chrome, browserVersion: 89.0.4389.114, chrome: {chromedriverVersion: 89.0.4389.23 (61b08ee2c5002..., userDataDir: C:\Users\farha\AppData\Loca...}, goog:chromeOptions: {debuggerAddress: localhost:65400}, javascriptEnabled: true, networkConnectionEnabled: false, pageLoadStrategy: normal, platform: WINDOWS, platformName: WINDOWS, proxy: Proxy(), setWindowRect: true, strictFileInteractability: false, timeouts: {implicit: 0, pageLoad: 300000, script: 30000}, unhandledPromptBehavior: dismiss and notify, webauthn:extension:largeBlob: true, webauthn:virtualAuthenticators: true}&#10;Session ID: f732f5b3b265705af1bf73a4e9fbfb03"/>
  </testcase>
  <testcase name="testBeautyAndPersonalCare" classname="homepagetest.HomePageTest" time="0">
    <skipped message="no such window: target window already closed&#10;from unknown error: web view not found&#10;  (Session info: chrome=89.0.4389.114)&#10;Build info: version: &apos;3.141.59&apos;, revision: &apos;e82be7d358&apos;, time: &apos;2018-11-14T08:17:03&apos;&#10;System info: host: &apos;DESKTOP-BQP1HFR&apos;, ip: &apos;192.168.190.1&apos;, os.name: &apos;Windows 10&apos;, os.arch: &apos;amd64&apos;, os.version: &apos;10.0&apos;, java.version: &apos;11.0.9&apos;&#10;Driver info: org.openqa.selenium.chrome.ChromeDriver&#10;Capabilities {acceptInsecureCerts: false, browserName: chrome, browserVersion: 89.0.4389.114, chrome: {chromedriverVersion: 89.0.4389.23 (61b08ee2c5002..., userDataDir: C:\Users\farha\AppData\Loca...}, goog:chromeOptions: {debuggerAddress: localhost:65400}, javascriptEnabled: true, networkConnectionEnabled: false, pageLoadStrategy: normal, platform: WINDOWS, platformName: WINDOWS, proxy: Proxy(), setWindowRect: true, strictFileInteractability: false, timeouts: {implicit: 0, pageLoad: 300000, script: 30000}, unhandledPromptBehavior: dismiss and notify, webauthn:extension:largeBlob: true, webauthn:virtualAuthenticators: true}&#10;Session ID: f732f5b3b265705af1bf73a4e9fbfb03"/>
  </testcase>
  <testcase name="testBestSellers" classname="homepagetest.HomePageTest" time="0">
    <skipped message="no such window: target window already closed&#10;from unknown error: web view not found&#10;  (Session info: chrome=89.0.4389.114)&#10;Build info: version: &apos;3.141.59&apos;, revision: &apos;e82be7d358&apos;, time: &apos;2018-11-14T08:17:03&apos;&#10;System info: host: &apos;DESKTOP-BQP1HFR&apos;, ip: &apos;192.168.190.1&apos;, os.name: &apos;Windows 10&apos;, os.arch: &apos;amd64&apos;, os.version: &apos;10.0&apos;, java.version: &apos;11.0.9&apos;&#10;Driver info: org.openqa.selenium.chrome.ChromeDriver&#10;Capabilities {acceptInsecureCerts: false, browserName: chrome, browserVersion: 89.0.4389.114, chrome: {chromedriverVersion: 89.0.4389.23 (61b08ee2c5002..., userDataDir: C:\Users\farha\AppData\Loca...}, goog:chromeOptions: {debuggerAddress: localhost:65400}, javascriptEnabled: true, networkConnectionEnabled: false, pageLoadStrategy: normal, platform: WINDOWS, platformName: WINDOWS, proxy: Proxy(), setWindowRect: true, strictFileInteractability: false, timeouts: {implicit: 0, pageLoad: 300000, script: 30000}, unhandledPromptBehavior: dismiss and notify, webauthn:extension:largeBlob: true, webauthn:virtualAuthenticators: true}&#10;Session ID: f732f5b3b265705af1bf73a4e9fbfb03"/>
  </testcase>
  <testcase name="testCameraAndPhoto" classname="homepagetest.HomePageTest" time="0">
    <skipped message="no such window: target window already closed&#10;from unknown error: web view not found&#10;  (Session info: chrome=89.0.4389.114)&#10;Build info: version: &apos;3.141.59&apos;, revision: &apos;e82be7d358&apos;, time: &apos;2018-11-14T08:17:03&apos;&#10;System info: host: &apos;DESKTOP-BQP1HFR&apos;, ip: &apos;192.168.190.1&apos;, os.name: &apos;Windows 10&apos;, os.arch: &apos;amd64&apos;, os.version: &apos;10.0&apos;, java.version: &apos;11.0.9&apos;&#10;Driver info: org.openqa.selenium.chrome.ChromeDriver&#10;Capabilities {acceptInsecureCerts: false, browserName: chrome, browserVersion: 89.0.4389.114, chrome: {chromedriverVersion: 89.0.4389.23 (61b08ee2c5002..., userDataDir: C:\Users\farha\AppData\Loca...}, goog:chromeOptions: {debuggerAddress: localhost:65400}, javascriptEnabled: true, networkConnectionEnabled: false, pageLoadStrategy: normal, platform: WINDOWS, platformName: WINDOWS, proxy: Proxy(), setWindowRect: true, strictFileInteractability: false, timeouts: {implicit: 0, pageLoad: 300000, script: 30000}, unhandledPromptBehavior: dismiss and notify, webauthn:extension:largeBlob: true, webauthn:virtualAuthenticators: true}&#10;Session ID: f732f5b3b265705af1bf73a4e9fbfb03"/>
  </testcase>
  <testcase name="testDSLRCamera" classname="homepagetest.HomePageTest" time="0">
    <skipped message="no such window: target window already closed&#10;from unknown error: web view not found&#10;  (Session info: chrome=89.0.4389.114)&#10;Build info: version: &apos;3.141.59&apos;, revision: &apos;e82be7d358&apos;, time: &apos;2018-11-14T08:17:03&apos;&#10;System info: host: &apos;DESKTOP-BQP1HFR&apos;, ip: &apos;192.168.190.1&apos;, os.name: &apos;Windows 10&apos;, os.arch: &apos;amd64&apos;, os.version: &apos;10.0&apos;, java.version: &apos;11.0.9&apos;&#10;Driver info: org.openqa.selenium.chrome.ChromeDriver&#10;Capabilities {acceptInsecureCerts: false, browserName: chrome, browserVersion: 89.0.4389.114, chrome: {chromedriverVersion: 89.0.4389.23 (61b08ee2c5002..., userDataDir: C:\Users\farha\AppData\Loca...}, goog:chromeOptions: {debuggerAddress: localhost:65400}, javascriptEnabled: true, networkConnectionEnabled: false, pageLoadStrategy: normal, platform: WINDOWS, platformName: WINDOWS, proxy: Proxy(), setWindowRect: true, strictFileInteractability: false, timeouts: {implicit: 0, pageLoad: 300000, script: 30000}, unhandledPromptBehavior: dismiss and notify, webauthn:extension:largeBlob: true, webauthn:virtualAuthenticators: true}&#10;Session ID: f732f5b3b265705af1bf73a4e9fbfb03"/>
  </testcase>
  <testcase name="testDSLRCameras" classname="homepagetest.HomePageTest" time="0">
    <skipped message="no such window: target window already closed&#10;from unknown error: web view not found&#10;  (Session info: chrome=89.0.4389.114)&#10;Build info: version: &apos;3.141.59&apos;, revision: &apos;e82be7d358&apos;, time: &apos;2018-11-14T08:17:03&apos;&#10;System info: host: &apos;DESKTOP-BQP1HFR&apos;, ip: &apos;192.168.190.1&apos;, os.name: &apos;Windows 10&apos;, os.arch: &apos;amd64&apos;, os.version: &apos;10.0&apos;, java.version: &apos;11.0.9&apos;&#10;Driver info: org.openqa.selenium.chrome.ChromeDriver&#10;Capabilities {acceptInsecureCerts: false, browserName: chrome, browserVersion: 89.0.4389.114, chrome: {chromedriverVersion: 89.0.4389.23 (61b08ee2c5002..., userDataDir: C:\Users\farha\AppData\Loca...}, goog:chromeOptions: {debuggerAddress: localhost:65400}, javascriptEnabled: true, networkConnectionEnabled: false, pageLoadStrategy: normal, platform: WINDOWS, platformName: WINDOWS, proxy: Proxy(), setWindowRect: true, strictFileInteractability: false, timeouts: {implicit: 0, pageLoad: 300000, script: 30000}, unhandledPromptBehavior: dismiss and notify, webauthn:extension:largeBlob: true, webauthn:virtualAuthenticators: true}&#10;Session ID: f732f5b3b265705af1bf73a4e9fbfb03"/>
  </testcase>
  <testcase name="testDigitalMegazines" classname="homepagetest.HomePageTest" time="0">
    <skipped message="no such window: target window already closed&#10;from unknown error: web view not found&#10;  (Session info: chrome=89.0.4389.114)&#10;Build info: version: &apos;3.141.59&apos;, revision: &apos;e82be7d358&apos;, time: &apos;2018-11-14T08:17:03&apos;&#10;System info: host: &apos;DESKTOP-BQP1HFR&apos;, ip: &apos;192.168.190.1&apos;, os.name: &apos;Windows 10&apos;, os.arch: &apos;amd64&apos;, os.version: &apos;10.0&apos;, java.version: &apos;11.0.9&apos;&#10;Driver info: org.openqa.selenium.chrome.ChromeDriver&#10;Capabilities {acceptInsecureCerts: false, browserName: chrome, browserVersion: 89.0.4389.114, chrome: {chromedriverVersion: 89.0.4389.23 (61b08ee2c5002..., userDataDir: C:\Users\farha\AppData\Loca...}, goog:chromeOptions: {debuggerAddress: localhost:65400}, javascriptEnabled: true, networkConnectionEnabled: false, pageLoadStrategy: normal, platform: WINDOWS, platformName: WINDOWS, proxy: Proxy(), setWindowRect: true, strictFileInteractability: false, timeouts: {implicit: 0, pageLoad: 300000, script: 30000}, unhandledPromptBehavior: dismiss and notify, webauthn:extension:largeBlob: true, webauthn:virtualAuthenticators: true}&#10;Session ID: f732f5b3b265705af1bf73a4e9fbfb03"/>
  </testcase>
  <testcase name="testExcelRead" classname="homepagetest.HomePageTest" time="0">
    <skipped message="no such window: target window already closed&#10;from unknown error: web view not found&#10;  (Session info: chrome=89.0.4389.114)&#10;Build info: version: &apos;3.141.59&apos;, revision: &apos;e82be7d358&apos;, time: &apos;2018-11-14T08:17:03&apos;&#10;System info: host: &apos;DESKTOP-BQP1HFR&apos;, ip: &apos;192.168.190.1&apos;, os.name: &apos;Windows 10&apos;, os.arch: &apos;amd64&apos;, os.version: &apos;10.0&apos;, java.version: &apos;11.0.9&apos;&#10;Driver info: org.openqa.selenium.chrome.ChromeDriver&#10;Capabilities {acceptInsecureCerts: false, browserName: chrome, browserVersion: 89.0.4389.114, chrome: {chromedriverVersion: 89.0.4389.23 (61b08ee2c5002..., userDataDir: C:\Users\farha\AppData\Loca...}, goog:chromeOptions: {debuggerAddress: localhost:65400}, javascriptEnabled: true, networkConnectionEnabled: false, pageLoadStrategy: normal, platform: WINDOWS, platformName: WINDOWS, proxy: Proxy(), setWindowRect: true, strictFileInteractability: false, timeouts: {implicit: 0, pageLoad: 300000, script: 30000}, unhandledPromptBehavior: dismiss and notify, webauthn:extension:largeBlob: true, webauthn:virtualAuthenticators: true}&#10;Session ID: f732f5b3b265705af1bf73a4e9fbfb03"/>
  </testcase>
  <testcase name="testFaceMakeupLink" classname="homepagetest.HomePageTest" time="0">
    <skipped message="no such window: target window already closed&#10;from unknown error: web view not found&#10;  (Session info: chrome=89.0.4389.114)&#10;Build info: version: &apos;3.141.59&apos;, revision: &apos;e82be7d358&apos;, time: &apos;2018-11-14T08:17:03&apos;&#10;System info: host: &apos;DESKTOP-BQP1HFR&apos;, ip: &apos;192.168.190.1&apos;, os.name: &apos;Windows 10&apos;, os.arch: &apos;amd64&apos;, os.version: &apos;10.0&apos;, java.version: &apos;11.0.9&apos;&#10;Driver info: org.openqa.selenium.chrome.ChromeDriver&#10;Capabilities {acceptInsecureCerts: false, browserName: chrome, browserVersion: 89.0.4389.114, chrome: {chromedriverVersion: 89.0.4389.23 (61b08ee2c5002..., userDataDir: C:\Users\farha\AppData\Loca...}, goog:chromeOptions: {debuggerAddress: localhost:65400}, javascriptEnabled: true, networkConnectionEnabled: false, pageLoadStrategy: normal, platform: WINDOWS, platformName: WINDOWS, proxy: Proxy(), setWindowRect: true, strictFileInteractability: false, timeouts: {implicit: 0, pageLoad: 300000, script: 30000}, unhandledPromptBehavior: dismiss and notify, webauthn:extension:largeBlob: true, webauthn:virtualAuthenticators: true}&#10;Session ID: f732f5b3b265705af1bf73a4e9fbfb03"/>
  </testcase>
  <testcase name="testFragranceLink" classname="homepagetest.HomePageTest" time="0">
    <skipped message="no such window: target window already closed&#10;from unknown error: web view not found&#10;  (Session info: chrome=89.0.4389.114)&#10;Build info: version: &apos;3.141.59&apos;, revision: &apos;e82be7d358&apos;, time: &apos;2018-11-14T08:17:03&apos;&#10;System info: host: &apos;DESKTOP-BQP1HFR&apos;, ip: &apos;192.168.190.1&apos;, os.name: &apos;Windows 10&apos;, os.arch: &apos;amd64&apos;, os.version: &apos;10.0&apos;, java.version: &apos;11.0.9&apos;&#10;Driver info: org.openqa.selenium.chrome.ChromeDriver&#10;Capabilities {acceptInsecureCerts: false, browserName: chrome, browserVersion: 89.0.4389.114, chrome: {chromedriverVersion: 89.0.4389.23 (61b08ee2c5002..., userDataDir: C:\Users\farha\AppData\Loca...}, goog:chromeOptions: {debuggerAddress: localhost:65400}, javascriptEnabled: true, networkConnectionEnabled: false, pageLoadStrategy: normal, platform: WINDOWS, platformName: WINDOWS, proxy: Proxy(), setWindowRect: true, strictFileInteractability: false, timeouts: {implicit: 0, pageLoad: 300000, script: 30000}, unhandledPromptBehavior: dismiss and notify, webauthn:extension:largeBlob: true, webauthn:virtualAuthenticators: true}&#10;Session ID: f732f5b3b265705af1bf73a4e9fbfb03"/>
  </testcase>
  <testcase name="testGiftSetLink" classname="homepagetest.HomePageTest" time="0">
    <skipped message="no such window: target window already closed&#10;from unknown error: web view not found&#10;  (Session info: chrome=89.0.4389.114)&#10;Build info: version: &apos;3.141.59&apos;, revision: &apos;e82be7d358&apos;, time: &apos;2018-11-14T08:17:03&apos;&#10;System info: host: &apos;DESKTOP-BQP1HFR&apos;, ip: &apos;192.168.190.1&apos;, os.name: &apos;Windows 10&apos;, os.arch: &apos;amd64&apos;, os.version: &apos;10.0&apos;, java.version: &apos;11.0.9&apos;&#10;Driver info: org.openqa.selenium.chrome.ChromeDriver&#10;Capabilities {acceptInsecureCerts: false, browserName: chrome, browserVersion: 89.0.4389.114, chrome: {chromedriverVersion: 89.0.4389.23 (61b08ee2c5002..., userDataDir: C:\Users\farha\AppData\Loca...}, goog:chromeOptions: {debuggerAddress: localhost:65400}, javascriptEnabled: true, networkConnectionEnabled: false, pageLoadStrategy: normal, platform: WINDOWS, platformName: WINDOWS, proxy: Proxy(), setWindowRect: true, strictFileInteractability: false, timeouts: {implicit: 0, pageLoad: 300000, script: 30000}, unhandledPromptBehavior: dismiss and notify, webauthn:extension:largeBlob: true, webauthn:virtualAuthenticators: true}&#10;Session ID: f732f5b3b265705af1bf73a4e9fbfb03"/>
  </testcase>
  <testcase name="testKindleBooks" classname="homepagetest.HomePageTest" time="0">
    <skipped message="no such window: target window already closed&#10;from unknown error: web view not found&#10;  (Session info: chrome=89.0.4389.114)&#10;Build info: version: &apos;3.141.59&apos;, revision: &apos;e82be7d358&apos;, time: &apos;2018-11-14T08:17:03&apos;&#10;System info: host: &apos;DESKTOP-BQP1HFR&apos;, ip: &apos;192.168.190.1&apos;, os.name: &apos;Windows 10&apos;, os.arch: &apos;amd64&apos;, os.version: &apos;10.0&apos;, java.version: &apos;11.0.9&apos;&#10;Driver info: org.openqa.selenium.chrome.ChromeDriver&#10;Capabilities {acceptInsecureCerts: false, browserName: chrome, browserVersion: 89.0.4389.114, chrome: {chromedriverVersion: 89.0.4389.23 (61b08ee2c5002..., userDataDir: C:\Users\farha\AppData\Loca...}, goog:chromeOptions: {debuggerAddress: localhost:65400}, javascriptEnabled: true, networkConnectionEnabled: false, pageLoadStrategy: normal, platform: WINDOWS, platformName: WINDOWS, proxy: Proxy(), setWindowRect: true, strictFileInteractability: false, timeouts: {implicit: 0, pageLoad: 300000, script: 30000}, unhandledPromptBehavior: dismiss and notify, webauthn:extension:largeBlob: true, webauthn:virtualAuthenticators: true}&#10;Session ID: f732f5b3b265705af1bf73a4e9fbfb03"/>
  </testcase>
  <testcase name="testKindleBooksUnder$2Deal" classname="homepagetest.HomePageTest" time="0">
    <skipped message="no such window: target window already closed&#10;from unknown error: web view not found&#10;  (Session info: chrome=89.0.4389.114)&#10;Build info: version: &apos;3.141.59&apos;, revision: &apos;e82be7d358&apos;, time: &apos;2018-11-14T08:17:03&apos;&#10;System info: host: &apos;DESKTOP-BQP1HFR&apos;, ip: &apos;192.168.190.1&apos;, os.name: &apos;Windows 10&apos;, os.arch: &apos;amd64&apos;, os.version: &apos;10.0&apos;, java.version: &apos;11.0.9&apos;&#10;Driver info: org.openqa.selenium.chrome.ChromeDriver&#10;Capabilities {acceptInsecureCerts: false, browserName: chrome, browserVersion: 89.0.4389.114, chrome: {chromedriverVersion: 89.0.4389.23 (61b08ee2c5002..., userDataDir: C:\Users\farha\AppData\Loca...}, goog:chromeOptions: {debuggerAddress: localhost:65400}, javascriptEnabled: true, networkConnectionEnabled: false, pageLoadStrategy: normal, platform: WINDOWS, platformName: WINDOWS, proxy: Proxy(), setWindowRect: true, strictFileInteractability: false, timeouts: {implicit: 0, pageLoad: 300000, script: 30000}, unhandledPromptBehavior: dismiss and notify, webauthn:extension:largeBlob: true, webauthn:virtualAuthenticators: true}&#10;Session ID: f732f5b3b265705af1bf73a4e9fbfb03"/>
  </testcase>
  <testcase name="testKindleBooksUnder$2Deals" classname="homepagetest.HomePageTest" time="0">
    <skipped message="no such window: target window already closed&#10;from unknown error: web view not found&#10;  (Session info: chrome=89.0.4389.114)&#10;Build info: version: &apos;3.141.59&apos;, revision: &apos;e82be7d358&apos;, time: &apos;2018-11-14T08:17:03&apos;&#10;System info: host: &apos;DESKTOP-BQP1HFR&apos;, ip: &apos;192.168.190.1&apos;, os.name: &apos;Windows 10&apos;, os.arch: &apos;amd64&apos;, os.version: &apos;10.0&apos;, java.version: &apos;11.0.9&apos;&#10;Driver info: org.openqa.selenium.chrome.ChromeDriver&#10;Capabilities {acceptInsecureCerts: false, browserName: chrome, browserVersion: 89.0.4389.114, chrome: {chromedriverVersion: 89.0.4389.23 (61b08ee2c5002..., userDataDir: C:\Users\farha\AppData\Loca...}, goog:chromeOptions: {debuggerAddress: localhost:65400}, javascriptEnabled: true, networkConnectionEnabled: false, pageLoadStrategy: normal, platform: WINDOWS, platformName: WINDOWS, proxy: Proxy(), setWindowRect: true, strictFileInteractability: false, timeouts: {implicit: 0, pageLoad: 300000, script: 30000}, unhandledPromptBehavior: dismiss and notify, webauthn:extension:largeBlob: true, webauthn:virtualAuthenticators: true}&#10;Session ID: f732f5b3b265705af1bf73a4e9fbfb03"/>
  </testcase>
  <testcase name="testKindleDailyDeals" classname="homepagetest.HomePageTest" time="0">
    <skipped message="no such window: target window already closed&#10;from unknown error: web view not found&#10;  (Session info: chrome=89.0.4389.114)&#10;Build info: version: &apos;3.141.59&apos;, revision: &apos;e82be7d358&apos;, time: &apos;2018-11-14T08:17:03&apos;&#10;System info: host: &apos;DESKTOP-BQP1HFR&apos;, ip: &apos;192.168.190.1&apos;, os.name: &apos;Windows 10&apos;, os.arch: &apos;amd64&apos;, os.version: &apos;10.0&apos;, java.version: &apos;11.0.9&apos;&#10;Driver info: org.openqa.selenium.chrome.ChromeDriver&#10;Capabilities {acceptInsecureCerts: false, browserName: chrome, browserVersion: 89.0.4389.114, chrome: {chromedriverVersion: 89.0.4389.23 (61b08ee2c5002..., userDataDir: C:\Users\farha\AppData\Loca...}, goog:chromeOptions: {debuggerAddress: localhost:65400}, javascriptEnabled: true, networkConnectionEnabled: false, pageLoadStrategy: normal, platform: WINDOWS, platformName: WINDOWS, proxy: Proxy(), setWindowRect: true, strictFileInteractability: false, timeouts: {implicit: 0, pageLoad: 300000, script: 30000}, unhandledPromptBehavior: dismiss and notify, webauthn:extension:largeBlob: true, webauthn:virtualAuthenticators: true}&#10;Session ID: f732f5b3b265705af1bf73a4e9fbfb03"/>
  </testcase>
  <testcase name="testKindleEBooks" classname="homepagetest.HomePageTest" time="0">
    <skipped message="no such window: target window already closed&#10;from unknown error: web view not found&#10;  (Session info: chrome=89.0.4389.114)&#10;Build info: version: &apos;3.141.59&apos;, revision: &apos;e82be7d358&apos;, time: &apos;2018-11-14T08:17:03&apos;&#10;System info: host: &apos;DESKTOP-BQP1HFR&apos;, ip: &apos;192.168.190.1&apos;, os.name: &apos;Windows 10&apos;, os.arch: &apos;amd64&apos;, os.version: &apos;10.0&apos;, java.version: &apos;11.0.9&apos;&#10;Driver info: org.openqa.selenium.chrome.ChromeDriver&#10;Capabilities {acceptInsecureCerts: false, browserName: chrome, browserVersion: 89.0.4389.114, chrome: {chromedriverVersion: 89.0.4389.23 (61b08ee2c5002..., userDataDir: C:\Users\farha\AppData\Loca...}, goog:chromeOptions: {debuggerAddress: localhost:65400}, javascriptEnabled: true, networkConnectionEnabled: false, pageLoadStrategy: normal, platform: WINDOWS, platformName: WINDOWS, proxy: Proxy(), setWindowRect: true, strictFileInteractability: false, timeouts: {implicit: 0, pageLoad: 300000, script: 30000}, unhandledPromptBehavior: dismiss and notify, webauthn:extension:largeBlob: true, webauthn:virtualAuthenticators: true}&#10;Session ID: f732f5b3b265705af1bf73a4e9fbfb03"/>
  </testcase>
  <testcase name="testKindleExclusiveDeals" classname="homepagetest.HomePageTest" time="0">
    <skipped message="no such window: target window already closed&#10;from unknown error: web view not found&#10;  (Session info: chrome=89.0.4389.114)&#10;Build info: version: &apos;3.141.59&apos;, revision: &apos;e82be7d358&apos;, time: &apos;2018-11-14T08:17:03&apos;&#10;System info: host: &apos;DESKTOP-BQP1HFR&apos;, ip: &apos;192.168.190.1&apos;, os.name: &apos;Windows 10&apos;, os.arch: &apos;amd64&apos;, os.version: &apos;10.0&apos;, java.version: &apos;11.0.9&apos;&#10;Driver info: org.openqa.selenium.chrome.ChromeDriver&#10;Capabilities {acceptInsecureCerts: false, browserName: chrome, browserVersion: 89.0.4389.114, chrome: {chromedriverVersion: 89.0.4389.23 (61b08ee2c5002..., userDataDir: C:\Users\farha\AppData\Loca...}, goog:chromeOptions: {debuggerAddress: localhost:65400}, javascriptEnabled: true, networkConnectionEnabled: false, pageLoadStrategy: normal, platform: WINDOWS, platformName: WINDOWS, proxy: Proxy(), setWindowRect: true, strictFileInteractability: false, timeouts: {implicit: 0, pageLoad: 300000, script: 30000}, unhandledPromptBehavior: dismiss and notify, webauthn:extension:largeBlob: true, webauthn:virtualAuthenticators: true}&#10;Session ID: f732f5b3b265705af1bf73a4e9fbfb03"/>
  </testcase>
  <testcase name="testKindleMonthlyDeals" classname="homepagetest.HomePageTest" time="0">
    <skipped message="no such window: target window already closed&#10;from unknown error: web view not found&#10;  (Session info: chrome=89.0.4389.114)&#10;Build info: version: &apos;3.141.59&apos;, revision: &apos;e82be7d358&apos;, time: &apos;2018-11-14T08:17:03&apos;&#10;System info: host: &apos;DESKTOP-BQP1HFR&apos;, ip: &apos;192.168.190.1&apos;, os.name: &apos;Windows 10&apos;, os.arch: &apos;amd64&apos;, os.version: &apos;10.0&apos;, java.version: &apos;11.0.9&apos;&#10;Driver info: org.openqa.selenium.chrome.ChromeDriver&#10;Capabilities {acceptInsecureCerts: false, browserName: chrome, browserVersion: 89.0.4389.114, chrome: {chromedriverVersion: 89.0.4389.23 (61b08ee2c5002..., userDataDir: C:\Users\farha\AppData\Loca...}, goog:chromeOptions: {debuggerAddress: localhost:65400}, javascriptEnabled: true, networkConnectionEnabled: false, pageLoadStrategy: normal, platform: WINDOWS, platformName: WINDOWS, proxy: Proxy(), setWindowRect: true, strictFileInteractability: false, timeouts: {implicit: 0, pageLoad: 300000, script: 30000}, unhandledPromptBehavior: dismiss and notify, webauthn:extension:largeBlob: true, webauthn:virtualAuthenticators: true}&#10;Session ID: f732f5b3b265705af1bf73a4e9fbfb03"/>
  </testcase>
  <testcase name="testLanguages" classname="homepagetest.HomePageTest" time="0">
    <skipped message="no such window: target window already closed&#10;from unknown error: web view not found&#10;  (Session info: chrome=89.0.4389.114)&#10;Build info: version: &apos;3.141.59&apos;, revision: &apos;e82be7d358&apos;, time: &apos;2018-11-14T08:17:03&apos;&#10;System info: host: &apos;DESKTOP-BQP1HFR&apos;, ip: &apos;192.168.190.1&apos;, os.name: &apos;Windows 10&apos;, os.arch: &apos;amd64&apos;, os.version: &apos;10.0&apos;, java.version: &apos;11.0.9&apos;&#10;Driver info: org.openqa.selenium.chrome.ChromeDriver&#10;Capabilities {acceptInsecureCerts: false, browserName: chrome, browserVersion: 89.0.4389.114, chrome: {chromedriverVersion: 89.0.4389.23 (61b08ee2c5002..., userDataDir: C:\Users\farha\AppData\Loca...}, goog:chromeOptions: {debuggerAddress: localhost:65400}, javascriptEnabled: true, networkConnectionEnabled: false, pageLoadStrategy: normal, platform: WINDOWS, platformName: WINDOWS, proxy: Proxy(), setWindowRect: true, strictFileInteractability: false, timeouts: {implicit: 0, pageLoad: 300000, script: 30000}, unhandledPromptBehavior: dismiss and notify, webauthn:extension:largeBlob: true, webauthn:virtualAuthenticators: true}&#10;Session ID: f732f5b3b265705af1bf73a4e9fbfb03"/>
  </testcase>
  <testcase name="testMakeupLink" classname="homepagetest.HomePageTest" time="0">
    <skipped message="no such window: target window already closed&#10;from unknown error: web view not found&#10;  (Session info: chrome=89.0.4389.114)&#10;Build info: version: &apos;3.141.59&apos;, revision: &apos;e82be7d358&apos;, time: &apos;2018-11-14T08:17:03&apos;&#10;System info: host: &apos;DESKTOP-BQP1HFR&apos;, ip: &apos;192.168.190.1&apos;, os.name: &apos;Windows 10&apos;, os.arch: &apos;amd64&apos;, os.version: &apos;10.0&apos;, java.version: &apos;11.0.9&apos;&#10;Driver info: org.openqa.selenium.chrome.ChromeDriver&#10;Capabilities {acceptInsecureCerts: false, browserName: chrome, browserVersion: 89.0.4389.114, chrome: {chromedriverVersion: 89.0.4389.23 (61b08ee2c5002..., userDataDir: C:\Users\farha\AppData\Loca...}, goog:chromeOptions: {debuggerAddress: localhost:65400}, javascriptEnabled: true, networkConnectionEnabled: false, pageLoadStrategy: normal, platform: WINDOWS, platformName: WINDOWS, proxy: Proxy(), setWindowRect: true, strictFileInteractability: false, timeouts: {implicit: 0, pageLoad: 300000, script: 30000}, unhandledPromptBehavior: dismiss and notify, webauthn:extension:largeBlob: true, webauthn:virtualAuthenticators: true}&#10;Session ID: f732f5b3b265705af1bf73a4e9fbfb03"/>
  </testcase>
  <testcase name="testRadioButton" classname="homepagetest.HomePageTest" time="0">
    <skipped message="no such window: target window already closed&#10;from unknown error: web view not found&#10;  (Session info: chrome=89.0.4389.114)&#10;Build info: version: &apos;3.141.59&apos;, revision: &apos;e82be7d358&apos;, time: &apos;2018-11-14T08:17:03&apos;&#10;System info: host: &apos;DESKTOP-BQP1HFR&apos;, ip: &apos;192.168.190.1&apos;, os.name: &apos;Windows 10&apos;, os.arch: &apos;amd64&apos;, os.version: &apos;10.0&apos;, java.version: &apos;11.0.9&apos;&#10;Driver info: org.openqa.selenium.chrome.ChromeDriver&#10;Capabilities {acceptInsecureCerts: false, browserName: chrome, browserVersion: 89.0.4389.114, chrome: {chromedriverVersion: 89.0.4389.23 (61b08ee2c5002..., userDataDir: C:\Users\farha\AppData\Loca...}, goog:chromeOptions: {debuggerAddress: localhost:65400}, javascriptEnabled: true, networkConnectionEnabled: false, pageLoadStrategy: normal, platform: WINDOWS, platformName: WINDOWS, proxy: Proxy(), setWindowRect: true, strictFileInteractability: false, timeouts: {implicit: 0, pageLoad: 300000, script: 30000}, unhandledPromptBehavior: dismiss and notify, webauthn:extension:largeBlob: true, webauthn:virtualAuthenticators: true}&#10;Session ID: f732f5b3b265705af1bf73a4e9fbfb03"/>
  </testcase>
  <testcase name="testRefreshPage" classname="homepagetest.HomePageTest" time="0">
    <skipped message="no such window: target window already closed&#10;from unknown error: web view not found&#10;  (Session info: chrome=89.0.4389.114)&#10;Build info: version: &apos;3.141.59&apos;, revision: &apos;e82be7d358&apos;, time: &apos;2018-11-14T08:17:03&apos;&#10;System info: host: &apos;DESKTOP-BQP1HFR&apos;, ip: &apos;192.168.190.1&apos;, os.name: &apos;Windows 10&apos;, os.arch: &apos;amd64&apos;, os.version: &apos;10.0&apos;, java.version: &apos;11.0.9&apos;&#10;Driver info: org.openqa.selenium.chrome.ChromeDriver&#10;Capabilities {acceptInsecureCerts: false, browserName: chrome, browserVersion: 89.0.4389.114, chrome: {chromedriverVersion: 89.0.4389.23 (61b08ee2c5002..., userDataDir: C:\Users\farha\AppData\Loca...}, goog:chromeOptions: {debuggerAddress: localhost:65400}, javascriptEnabled: true, networkConnectionEnabled: false, pageLoadStrategy: normal, platform: WINDOWS, platformName: WINDOWS, proxy: Proxy(), setWindowRect: true, strictFileInteractability: false, timeouts: {implicit: 0, pageLoad: 300000, script: 30000}, unhandledPromptBehavior: dismiss and notify, webauthn:extension:largeBlob: true, webauthn:virtualAuthenticators: true}&#10;Session ID: f732f5b3b265705af1bf73a4e9fbfb03"/>
  </testcase>
  <testcase name="testSearchBox" classname="homepagetest.HomePageTest" time="0">
    <skipped message="no such window: target window already closed&#10;from unknown error: web view not found&#10;  (Session info: chrome=89.0.4389.114)&#10;Build info: version: &apos;3.141.59&apos;, revision: &apos;e82be7d358&apos;, time: &apos;2018-11-14T08:17:03&apos;&#10;System info: host: &apos;DESKTOP-BQP1HFR&apos;, ip: &apos;192.168.190.1&apos;, os.name: &apos;Windows 10&apos;, os.arch: &apos;amd64&apos;, os.version: &apos;10.0&apos;, java.version: &apos;11.0.9&apos;&#10;Driver info: org.openqa.selenium.chrome.ChromeDriver&#10;Capabilities {acceptInsecureCerts: false, browserName: chrome, browserVersion: 89.0.4389.114, chrome: {chromedriverVersion: 89.0.4389.23 (61b08ee2c5002..., userDataDir: C:\Users\farha\AppData\Loca...}, goog:chromeOptions: {debuggerAddress: localhost:65400}, javascriptEnabled: true, networkConnectionEnabled: false, pageLoadStrategy: normal, platform: WINDOWS, platformName: WINDOWS, proxy: Proxy(), setWindowRect: true, strictFileInteractability: false, timeouts: {implicit: 0, pageLoad: 300000, script: 30000}, unhandledPromptBehavior: dismiss and notify, webauthn:extension:largeBlob: true, webauthn:virtualAuthenticators: true}&#10;Session ID: f732f5b3b265705af1bf73a4e9fbfb03"/>
  </testcase>
  <testcase name="testSearchBox1" classname="homepagetest.HomePageTest" time="0">
    <skipped message="no such window: target window already closed&#10;from unknown error: web view not found&#10;  (Session info: chrome=89.0.4389.114)&#10;Build info: version: &apos;3.141.59&apos;, revision: &apos;e82be7d358&apos;, time: &apos;2018-11-14T08:17:03&apos;&#10;System info: host: &apos;DESKTOP-BQP1HFR&apos;, ip: &apos;192.168.190.1&apos;, os.name: &apos;Windows 10&apos;, os.arch: &apos;amd64&apos;, os.version: &apos;10.0&apos;, java.version: &apos;11.0.9&apos;&#10;Driver info: org.openqa.selenium.chrome.ChromeDriver&#10;Capabilities {acceptInsecureCerts: false, browserName: chrome, browserVersion: 89.0.4389.114, chrome: {chromedriverVersion: 89.0.4389.23 (61b08ee2c5002..., userDataDir: C:\Users\farha\AppData\Loca...}, goog:chromeOptions: {debuggerAddress: localhost:65400}, javascriptEnabled: true, networkConnectionEnabled: false, pageLoadStrategy: normal, platform: WINDOWS, platformName: WINDOWS, proxy: Proxy(), setWindowRect: true, strictFileInteractability: false, timeouts: {implicit: 0, pageLoad: 300000, script: 30000}, unhandledPromptBehavior: dismiss and notify, webauthn:extension:largeBlob: true, webauthn:virtualAuthenticators: true}&#10;Session ID: f732f5b3b265705af1bf73a4e9fbfb03"/>
  </testcase>
  <testcase name="testYourGarageLink" classname="homepagetest.HomePageTest" time="0">
    <skipped message="no such window: target window already closed&#10;from unknown error: web view not found&#10;  (Session info: chrome=89.0.4389.114)&#10;Build info: version: &apos;3.141.59&apos;, revision: &apos;e82be7d358&apos;, time: &apos;2018-11-14T08:17:03&apos;&#10;System info: host: &apos;DESKTOP-BQP1HFR&apos;, ip: &apos;192.168.190.1&apos;, os.name: &apos;Windows 10&apos;, os.arch: &apos;amd64&apos;, os.version: &apos;10.0&apos;, java.version: &apos;11.0.9&apos;&#10;Driver info: org.openqa.selenium.chrome.ChromeDriver&#10;Capabilities {acceptInsecureCerts: false, browserName: chrome, browserVersion: 89.0.4389.114, chrome: {chromedriverVersion: 89.0.4389.23 (61b08ee2c5002..., userDataDir: C:\Users\farha\AppData\Loca...}, goog:chromeOptions: {debuggerAddress: localhost:65400}, javascriptEnabled: true, networkConnectionEnabled: false, pageLoadStrategy: normal, platform: WINDOWS, platformName: WINDOWS, proxy: Proxy(), setWindowRect: true, strictFileInteractability: false, timeouts: {implicit: 0, pageLoad: 300000, script: 30000}, unhandledPromptBehavior: dismiss and notify, webauthn:extension:largeBlob: true, webauthn:virtualAuthenticators: true}&#10;Session ID: f732f5b3b265705af1bf73a4e9fbfb03"/>
  </testcase>
  <testcase name="textMakeupSetsLink" classname="homepagetest.HomePageTest" time="0">
    <skipped message="no such window: target window already closed&#10;from unknown error: web view not found&#10;  (Session info: chrome=89.0.4389.114)&#10;Build info: version: &apos;3.141.59&apos;, revision: &apos;e82be7d358&apos;, time: &apos;2018-11-14T08:17:03&apos;&#10;System info: host: &apos;DESKTOP-BQP1HFR&apos;, ip: &apos;192.168.190.1&apos;, os.name: &apos;Windows 10&apos;, os.arch: &apos;amd64&apos;, os.version: &apos;10.0&apos;, java.version: &apos;11.0.9&apos;&#10;Driver info: org.openqa.selenium.chrome.ChromeDriver&#10;Capabilities {acceptInsecureCerts: false, browserName: chrome, browserVersion: 89.0.4389.114, chrome: {chromedriverVersion: 89.0.4389.23 (61b08ee2c5002..., userDataDir: C:\Users\farha\AppData\Loca...}, goog:chromeOptions: {debuggerAddress: localhost:65400}, javascriptEnabled: true, networkConnectionEnabled: false, pageLoadStrategy: normal, platform: WINDOWS, platformName: WINDOWS, proxy: Proxy(), setWindowRect: true, strictFileInteractability: false, timeouts: {implicit: 0, pageLoad: 300000, script: 30000}, unhandledPromptBehavior: dismiss and notify, webauthn:extension:largeBlob: true, webauthn:virtualAuthenticators: true}&#10;Session ID: f732f5b3b265705af1bf73a4e9fbfb03"/>
  </testcase>
  <testcase name="textSkinCareLink" classname="homepagetest.HomePageTest" time="0">
    <skipped message="no such window: target window already closed&#10;from unknown error: web view not found&#10;  (Session info: chrome=89.0.4389.114)&#10;Build info: version: &apos;3.141.59&apos;, revision: &apos;e82be7d358&apos;, time: &apos;2018-11-14T08:17:03&apos;&#10;System info: host: &apos;DESKTOP-BQP1HFR&apos;, ip: &apos;192.168.190.1&apos;, os.name: &apos;Windows 10&apos;, os.arch: &apos;amd64&apos;, os.version: &apos;10.0&apos;, java.version: &apos;11.0.9&apos;&#10;Driver info: org.openqa.selenium.chrome.ChromeDriver&#10;Capabilities {acceptInsecureCerts: false, browserName: chrome, browserVersion: 89.0.4389.114, chrome: {chromedriverVersion: 89.0.4389.23 (61b08ee2c5002..., userDataDir: C:\Users\farha\AppData\Loca...}, goog:chromeOptions: {debuggerAddress: localhost:65400}, javascriptEnabled: true, networkConnectionEnabled: false, pageLoadStrategy: normal, platform: WINDOWS, platformName: WINDOWS, proxy: Proxy(), setWindowRect: true, strictFileInteractability: false, timeouts: {implicit: 0, pageLoad: 300000, script: 30000}, unhandledPromptBehavior: dismiss and notify, webauthn:extension:largeBlob: true, webauthn:virtualAuthenticators: true}&#10;Session ID: f732f5b3b265705af1bf73a4e9fbfb03"/>
  </testcase>
  <testcase name="textSkinCareLink1" classname="homepagetest.HomePageTest" time="0">
    <skipped message="no such window: target window already closed&#10;from unknown error: web view not found&#10;  (Session info: chrome=89.0.4389.114)&#10;Build info: version: &apos;3.141.59&apos;, revision: &apos;e82be7d358&apos;, time: &apos;2018-11-14T08:17:03&apos;&#10;System info: host: &apos;DESKTOP-BQP1HFR&apos;, ip: &apos;192.168.190.1&apos;, os.name: &apos;Windows 10&apos;, os.arch: &apos;amd64&apos;, os.version: &apos;10.0&apos;, java.version: &apos;11.0.9&apos;&#10;Driver info: org.openqa.selenium.chrome.ChromeDriver&#10;Capabilities {acceptInsecureCerts: false, browserName: chrome, browserVersion: 89.0.4389.114, chrome: {chromedriverVersion: 89.0.4389.23 (61b08ee2c5002..., userDataDir: C:\Users\farha\AppData\Loca...}, goog:chromeOptions: {debuggerAddress: localhost:65400}, javascriptEnabled: true, networkConnectionEnabled: false, pageLoadStrategy: normal, platform: WINDOWS, platformName: WINDOWS, proxy: Proxy(), setWindowRect: true, strictFileInteractability: false, timeouts: {implicit: 0, pageLoad: 300000, script: 30000}, unhandledPromptBehavior: dismiss and notify, webauthn:extension:largeBlob: true, webauthn:virtualAuthenticators: true}&#10;Session ID: f732f5b3b265705af1bf73a4e9fbfb03"/>
  </testcase>
  <testcase name="generateReport" classname="homepagetest.HomePageTest" time="0">
    <skipped/>
  </testcase>
</testsuite>